<?xml version="1.0" encoding="UTF-8"?>
<testsuite name="hello.jdbc.service.MemberServiceV1Test" tests="2" skipped="0" failures="0" errors="0" timestamp="2022-09-18T02:16:34" hostname="charlies-MacBook-Pro.local" time="0.388">
  <properties/>
  <testcase name="이체 중 예외 발생" classname="hello.jdbc.service.MemberServiceV1Test" time="0.318"/>
  <testcase name="정상 이체" classname="hello.jdbc.service.MemberServiceV1Test" time="0.068"/>
  <system-out><![CDATA[11:16:34.490 [Test worker] DEBUG org.springframework.jdbc.datasource.DriverManagerDataSource - Creating new JDBC DriverManager Connection to [jdbc:h2:tcp://localhost/~/private/springdb1/h2/test]
11:16:34.578 [Test worker] INFO hello.jdbc.repository.MemberRepositoryV1 - get connection=conn0: url=jdbc:h2:tcp://localhost/~/private/springdb1/h2/test user=SA, class=class org.h2.jdbc.JdbcConnection
11:16:34.604 [Test worker] DEBUG org.springframework.jdbc.datasource.DriverManagerDataSource - Creating new JDBC DriverManager Connection to [jdbc:h2:tcp://localhost/~/private/springdb1/h2/test]
11:16:34.610 [Test worker] INFO hello.jdbc.repository.MemberRepositoryV1 - get connection=conn1: url=jdbc:h2:tcp://localhost/~/private/springdb1/h2/test user=SA, class=class org.h2.jdbc.JdbcConnection
11:16:34.648 [Test worker] DEBUG org.springframework.jdbc.datasource.DriverManagerDataSource - Creating new JDBC DriverManager Connection to [jdbc:h2:tcp://localhost/~/private/springdb1/h2/test]
11:16:34.659 [Test worker] INFO hello.jdbc.repository.MemberRepositoryV1 - get connection=conn2: url=jdbc:h2:tcp://localhost/~/private/springdb1/h2/test user=SA, class=class org.h2.jdbc.JdbcConnection
11:16:34.669 [Test worker] DEBUG org.springframework.jdbc.datasource.DriverManagerDataSource - Creating new JDBC DriverManager Connection to [jdbc:h2:tcp://localhost/~/private/springdb1/h2/test]
11:16:34.671 [Test worker] INFO hello.jdbc.repository.MemberRepositoryV1 - get connection=conn3: url=jdbc:h2:tcp://localhost/~/private/springdb1/h2/test user=SA, class=class org.h2.jdbc.JdbcConnection
11:16:34.675 [Test worker] DEBUG org.springframework.jdbc.datasource.DriverManagerDataSource - Creating new JDBC DriverManager Connection to [jdbc:h2:tcp://localhost/~/private/springdb1/h2/test]
11:16:34.678 [Test worker] INFO hello.jdbc.repository.MemberRepositoryV1 - get connection=conn4: url=jdbc:h2:tcp://localhost/~/private/springdb1/h2/test user=SA, class=class org.h2.jdbc.JdbcConnection
11:16:34.679 [Test worker] INFO hello.jdbc.repository.MemberRepositoryV1 - resultSize = 1
11:16:34.688 [Test worker] DEBUG org.springframework.jdbc.datasource.DriverManagerDataSource - Creating new JDBC DriverManager Connection to [jdbc:h2:tcp://localhost/~/private/springdb1/h2/test]
11:16:34.691 [Test worker] INFO hello.jdbc.repository.MemberRepositoryV1 - get connection=conn5: url=jdbc:h2:tcp://localhost/~/private/springdb1/h2/test user=SA, class=class org.h2.jdbc.JdbcConnection
11:16:34.693 [Test worker] DEBUG org.springframework.jdbc.datasource.DriverManagerDataSource - Creating new JDBC DriverManager Connection to [jdbc:h2:tcp://localhost/~/private/springdb1/h2/test]
11:16:34.696 [Test worker] INFO hello.jdbc.repository.MemberRepositoryV1 - get connection=conn6: url=jdbc:h2:tcp://localhost/~/private/springdb1/h2/test user=SA, class=class org.h2.jdbc.JdbcConnection
11:16:34.708 [Test worker] DEBUG org.springframework.jdbc.datasource.DriverManagerDataSource - Creating new JDBC DriverManager Connection to [jdbc:h2:tcp://localhost/~/private/springdb1/h2/test]
11:16:34.717 [Test worker] INFO hello.jdbc.repository.MemberRepositoryV1 - get connection=conn7: url=jdbc:h2:tcp://localhost/~/private/springdb1/h2/test user=SA, class=class org.h2.jdbc.JdbcConnection
11:16:34.718 [Test worker] DEBUG org.springframework.jdbc.datasource.DriverManagerDataSource - Creating new JDBC DriverManager Connection to [jdbc:h2:tcp://localhost/~/private/springdb1/h2/test]
11:16:34.721 [Test worker] INFO hello.jdbc.repository.MemberRepositoryV1 - get connection=conn8: url=jdbc:h2:tcp://localhost/~/private/springdb1/h2/test user=SA, class=class org.h2.jdbc.JdbcConnection
11:16:34.722 [Test worker] DEBUG org.springframework.jdbc.datasource.DriverManagerDataSource - Creating new JDBC DriverManager Connection to [jdbc:h2:tcp://localhost/~/private/springdb1/h2/test]
11:16:34.724 [Test worker] INFO hello.jdbc.repository.MemberRepositoryV1 - get connection=conn9: url=jdbc:h2:tcp://localhost/~/private/springdb1/h2/test user=SA, class=class org.h2.jdbc.JdbcConnection
11:16:34.739 [Test worker] DEBUG org.springframework.jdbc.datasource.DriverManagerDataSource - Creating new JDBC DriverManager Connection to [jdbc:h2:tcp://localhost/~/private/springdb1/h2/test]
11:16:34.744 [Test worker] INFO hello.jdbc.repository.MemberRepositoryV1 - get connection=conn10: url=jdbc:h2:tcp://localhost/~/private/springdb1/h2/test user=SA, class=class org.h2.jdbc.JdbcConnection
11:16:34.747 [Test worker] DEBUG org.springframework.jdbc.datasource.DriverManagerDataSource - Creating new JDBC DriverManager Connection to [jdbc:h2:tcp://localhost/~/private/springdb1/h2/test]
11:16:34.752 [Test worker] INFO hello.jdbc.repository.MemberRepositoryV1 - get connection=conn11: url=jdbc:h2:tcp://localhost/~/private/springdb1/h2/test user=SA, class=class org.h2.jdbc.JdbcConnection
11:16:34.754 [Test worker] DEBUG org.springframework.jdbc.datasource.DriverManagerDataSource - Creating new JDBC DriverManager Connection to [jdbc:h2:tcp://localhost/~/private/springdb1/h2/test]
11:16:34.756 [Test worker] INFO hello.jdbc.repository.MemberRepositoryV1 - get connection=conn12: url=jdbc:h2:tcp://localhost/~/private/springdb1/h2/test user=SA, class=class org.h2.jdbc.JdbcConnection
11:16:34.759 [Test worker] DEBUG org.springframework.jdbc.datasource.DriverManagerDataSource - Creating new JDBC DriverManager Connection to [jdbc:h2:tcp://localhost/~/private/springdb1/h2/test]
11:16:34.761 [Test worker] INFO hello.jdbc.repository.MemberRepositoryV1 - get connection=conn13: url=jdbc:h2:tcp://localhost/~/private/springdb1/h2/test user=SA, class=class org.h2.jdbc.JdbcConnection
11:16:34.763 [Test worker] DEBUG org.springframework.jdbc.datasource.DriverManagerDataSource - Creating new JDBC DriverManager Connection to [jdbc:h2:tcp://localhost/~/private/springdb1/h2/test]
11:16:34.766 [Test worker] INFO hello.jdbc.repository.MemberRepositoryV1 - get connection=conn14: url=jdbc:h2:tcp://localhost/~/private/springdb1/h2/test user=SA, class=class org.h2.jdbc.JdbcConnection
11:16:34.767 [Test worker] INFO hello.jdbc.repository.MemberRepositoryV1 - resultSize = 1
11:16:34.767 [Test worker] DEBUG org.springframework.jdbc.datasource.DriverManagerDataSource - Creating new JDBC DriverManager Connection to [jdbc:h2:tcp://localhost/~/private/springdb1/h2/test]
11:16:34.771 [Test worker] INFO hello.jdbc.repository.MemberRepositoryV1 - get connection=conn15: url=jdbc:h2:tcp://localhost/~/private/springdb1/h2/test user=SA, class=class org.h2.jdbc.JdbcConnection
11:16:34.775 [Test worker] INFO hello.jdbc.repository.MemberRepositoryV1 - resultSize = 1
11:16:34.776 [Test worker] DEBUG org.springframework.jdbc.datasource.DriverManagerDataSource - Creating new JDBC DriverManager Connection to [jdbc:h2:tcp://localhost/~/private/springdb1/h2/test]
11:16:34.778 [Test worker] INFO hello.jdbc.repository.MemberRepositoryV1 - get connection=conn16: url=jdbc:h2:tcp://localhost/~/private/springdb1/h2/test user=SA, class=class org.h2.jdbc.JdbcConnection
11:16:34.781 [Test worker] DEBUG org.springframework.jdbc.datasource.DriverManagerDataSource - Creating new JDBC DriverManager Connection to [jdbc:h2:tcp://localhost/~/private/springdb1/h2/test]
11:16:34.786 [Test worker] INFO hello.jdbc.repository.MemberRepositoryV1 - get connection=conn17: url=jdbc:h2:tcp://localhost/~/private/springdb1/h2/test user=SA, class=class org.h2.jdbc.JdbcConnection
11:16:34.790 [Test worker] DEBUG org.springframework.jdbc.datasource.DriverManagerDataSource - Creating new JDBC DriverManager Connection to [jdbc:h2:tcp://localhost/~/private/springdb1/h2/test]
11:16:34.793 [Test worker] INFO hello.jdbc.repository.MemberRepositoryV1 - get connection=conn18: url=jdbc:h2:tcp://localhost/~/private/springdb1/h2/test user=SA, class=class org.h2.jdbc.JdbcConnection
11:16:34.795 [Test worker] DEBUG org.springframework.jdbc.datasource.DriverManagerDataSource - Creating new JDBC DriverManager Connection to [jdbc:h2:tcp://localhost/~/private/springdb1/h2/test]
11:16:34.798 [Test worker] INFO hello.jdbc.repository.MemberRepositoryV1 - get connection=conn19: url=jdbc:h2:tcp://localhost/~/private/springdb1/h2/test user=SA, class=class org.h2.jdbc.JdbcConnection
11:16:34.800 [Test worker] DEBUG org.springframework.jdbc.datasource.DriverManagerDataSource - Creating new JDBC DriverManager Connection to [jdbc:h2:tcp://localhost/~/private/springdb1/h2/test]
11:16:34.803 [Test worker] INFO hello.jdbc.repository.MemberRepositoryV1 - get connection=conn20: url=jdbc:h2:tcp://localhost/~/private/springdb1/h2/test user=SA, class=class org.h2.jdbc.JdbcConnection
]]></system-out>
  <system-err><![CDATA[]]></system-err>
</testsuite>
