<?xml version="1.0" encoding="UTF-8"?>
<testsuite name="hello.jdbc.service.MemberServiceV3_4Test" tests="3" skipped="0" failures="0" errors="0" timestamp="2022-10-01T03:00:00" hostname="charlies-MacBook-Pro.local" time="0.686">
  <properties/>
  <testcase name="AopCheck()" classname="hello.jdbc.service.MemberServiceV3_4Test" time="0.578"/>
  <testcase name="이체 중 예외 발생" classname="hello.jdbc.service.MemberServiceV3_4Test" time="0.076"/>
  <testcase name="정상 이체" classname="hello.jdbc.service.MemberServiceV3_4Test" time="0.027"/>
  <system-out><![CDATA[11:59:58.123 [Test worker] DEBUG org.springframework.test.context.BootstrapUtils - Instantiating CacheAwareContextLoaderDelegate from class [org.springframework.test.context.cache.DefaultCacheAwareContextLoaderDelegate]
11:59:58.132 [Test worker] DEBUG org.springframework.test.context.BootstrapUtils - Instantiating BootstrapContext using constructor [public org.springframework.test.context.support.DefaultBootstrapContext(java.lang.Class,org.springframework.test.context.CacheAwareContextLoaderDelegate)]
11:59:58.176 [Test worker] DEBUG org.springframework.test.context.BootstrapUtils - Instantiating TestContextBootstrapper for test class [hello.jdbc.service.MemberServiceV3_4Test] from class [org.springframework.boot.test.context.SpringBootTestContextBootstrapper]
11:59:58.190 [Test worker] INFO org.springframework.boot.test.context.SpringBootTestContextBootstrapper - Neither @ContextConfiguration nor @ContextHierarchy found for test class [hello.jdbc.service.MemberServiceV3_4Test], using SpringBootContextLoader
11:59:58.194 [Test worker] DEBUG org.springframework.test.context.support.AbstractContextLoader - Did not detect default resource location for test class [hello.jdbc.service.MemberServiceV3_4Test]: class path resource [hello/jdbc/service/MemberServiceV3_4Test-context.xml] does not exist
11:59:58.194 [Test worker] DEBUG org.springframework.test.context.support.AbstractContextLoader - Did not detect default resource location for test class [hello.jdbc.service.MemberServiceV3_4Test]: class path resource [hello/jdbc/service/MemberServiceV3_4TestContext.groovy] does not exist
11:59:58.194 [Test worker] INFO org.springframework.test.context.support.AbstractContextLoader - Could not detect default resource locations for test class [hello.jdbc.service.MemberServiceV3_4Test]: no resource found for suffixes {-context.xml, Context.groovy}.
11:59:58.270 [Test worker] DEBUG org.springframework.test.context.support.ActiveProfilesUtils - Could not find an 'annotation declaring class' for annotation type [org.springframework.test.context.ActiveProfiles] and class [hello.jdbc.service.MemberServiceV3_4Test]
11:59:58.410 [Test worker] DEBUG org.springframework.context.annotation.ClassPathScanningCandidateComponentProvider - Identified candidate component class: file [/Users/charlie/private/springdb1/build/classes/java/main/hello/jdbc/JdbcApplication.class]
11:59:58.415 [Test worker] INFO org.springframework.boot.test.context.SpringBootTestContextBootstrapper - Found @SpringBootConfiguration hello.jdbc.JdbcApplication for test class hello.jdbc.service.MemberServiceV3_4Test
11:59:58.515 [Test worker] DEBUG org.springframework.boot.test.context.SpringBootTestContextBootstrapper - @TestExecutionListeners is not present for class [hello.jdbc.service.MemberServiceV3_4Test]: using defaults.
11:59:58.516 [Test worker] INFO org.springframework.boot.test.context.SpringBootTestContextBootstrapper - Loaded default TestExecutionListener class names from location [META-INF/spring.factories]: [org.springframework.boot.test.autoconfigure.restdocs.RestDocsTestExecutionListener, org.springframework.boot.test.autoconfigure.web.client.MockRestServiceServerResetTestExecutionListener, org.springframework.boot.test.autoconfigure.web.servlet.MockMvcPrintOnlyOnFailureTestExecutionListener, org.springframework.boot.test.autoconfigure.web.servlet.WebDriverTestExecutionListener, org.springframework.boot.test.autoconfigure.webservices.client.MockWebServiceServerTestExecutionListener, org.springframework.boot.test.mock.mockito.MockitoTestExecutionListener, org.springframework.boot.test.mock.mockito.ResetMocksTestExecutionListener, org.springframework.test.context.web.ServletTestExecutionListener, org.springframework.test.context.support.DirtiesContextBeforeModesTestExecutionListener, org.springframework.test.context.event.ApplicationEventsTestExecutionListener, org.springframework.test.context.support.DependencyInjectionTestExecutionListener, org.springframework.test.context.support.DirtiesContextTestExecutionListener, org.springframework.test.context.transaction.TransactionalTestExecutionListener, org.springframework.test.context.jdbc.SqlScriptsTestExecutionListener, org.springframework.test.context.event.EventPublishingTestExecutionListener]
11:59:58.524 [Test worker] DEBUG org.springframework.boot.test.context.SpringBootTestContextBootstrapper - Skipping candidate TestExecutionListener [org.springframework.test.context.web.ServletTestExecutionListener] due to a missing dependency. Specify custom listener classes or make the default listener classes and their required dependencies available. Offending class: [javax/servlet/ServletContext]
11:59:58.530 [Test worker] INFO org.springframework.boot.test.context.SpringBootTestContextBootstrapper - Using TestExecutionListeners: [org.springframework.test.context.support.DirtiesContextBeforeModesTestExecutionListener@c00fff0, org.springframework.test.context.event.ApplicationEventsTestExecutionListener@263f04ca, org.springframework.boot.test.mock.mockito.MockitoTestExecutionListener@2ca47471, org.springframework.boot.test.autoconfigure.SpringBootDependencyInjectionTestExecutionListener@5a021cb9, org.springframework.test.context.support.DirtiesContextTestExecutionListener@51768776, org.springframework.test.context.transaction.TransactionalTestExecutionListener@f31c0c6, org.springframework.test.context.jdbc.SqlScriptsTestExecutionListener@b93aad, org.springframework.test.context.event.EventPublishingTestExecutionListener@4a9419d7, org.springframework.boot.test.autoconfigure.restdocs.RestDocsTestExecutionListener@2f3c6ac4, org.springframework.boot.test.autoconfigure.web.client.MockRestServiceServerResetTestExecutionListener@2e8ab815, org.springframework.boot.test.autoconfigure.web.servlet.MockMvcPrintOnlyOnFailureTestExecutionListener@67af833b, org.springframework.boot.test.autoconfigure.web.servlet.WebDriverTestExecutionListener@d1f74b8, org.springframework.boot.test.autoconfigure.webservices.client.MockWebServiceServerTestExecutionListener@41394595, org.springframework.boot.test.mock.mockito.ResetMocksTestExecutionListener@3a0807b7]
11:59:58.535 [Test worker] DEBUG org.springframework.test.context.support.AbstractDirtiesContextTestExecutionListener - Before test class: context [DefaultTestContext@41200e0c testClass = MemberServiceV3_4Test, testInstance = [null], testMethod = [null], testException = [null], mergedContextConfiguration = [MergedContextConfiguration@40f33492 testClass = MemberServiceV3_4Test, locations = '{}', classes = '{class hello.jdbc.JdbcApplication, class hello.jdbc.service.MemberServiceV3_4Test$TestConfig}', contextInitializerClasses = '[]', activeProfiles = '{}', propertySourceLocations = '{}', propertySourceProperties = '{org.springframework.boot.test.context.SpringBootTestContextBootstrapper=true}', contextCustomizers = set[org.springframework.boot.test.autoconfigure.actuate.metrics.MetricsExportContextCustomizerFactory$DisableMetricExportContextCustomizer@5a411614, org.springframework.boot.test.autoconfigure.properties.PropertyMappingContextCustomizer@0, org.springframework.boot.test.autoconfigure.web.servlet.WebDriverContextCustomizerFactory$Customizer@32811494, org.springframework.boot.test.context.filter.ExcludeFilterContextCustomizer@47c4ecdc, org.springframework.boot.test.json.DuplicateJsonObjectContextCustomizerFactory$DuplicateJsonObjectContextCustomizer@4b7e96a, org.springframework.boot.test.mock.mockito.MockitoContextCustomizer@0, org.springframework.boot.test.web.client.TestRestTemplateContextCustomizer@1d0d6318, org.springframework.boot.test.context.SpringBootTestArgs@1, org.springframework.boot.test.context.SpringBootTestWebEnvironment@7bbc8656], contextLoader = 'org.springframework.boot.test.context.SpringBootContextLoader', parent = [null]], attributes = map[[empty]]], class annotated with @DirtiesContext [false] with mode [null].
11:59:58.552 [Test worker] DEBUG org.springframework.test.context.support.DependencyInjectionTestExecutionListener - Performing dependency injection for test context [[DefaultTestContext@41200e0c testClass = MemberServiceV3_4Test, testInstance = hello.jdbc.service.MemberServiceV3_4Test@24f43aa3, testMethod = [null], testException = [null], mergedContextConfiguration = [MergedContextConfiguration@40f33492 testClass = MemberServiceV3_4Test, locations = '{}', classes = '{class hello.jdbc.JdbcApplication, class hello.jdbc.service.MemberServiceV3_4Test$TestConfig}', contextInitializerClasses = '[]', activeProfiles = '{}', propertySourceLocations = '{}', propertySourceProperties = '{org.springframework.boot.test.context.SpringBootTestContextBootstrapper=true}', contextCustomizers = set[org.springframework.boot.test.autoconfigure.actuate.metrics.MetricsExportContextCustomizerFactory$DisableMetricExportContextCustomizer@5a411614, org.springframework.boot.test.autoconfigure.properties.PropertyMappingContextCustomizer@0, org.springframework.boot.test.autoconfigure.web.servlet.WebDriverContextCustomizerFactory$Customizer@32811494, org.springframework.boot.test.context.filter.ExcludeFilterContextCustomizer@47c4ecdc, org.springframework.boot.test.json.DuplicateJsonObjectContextCustomizerFactory$DuplicateJsonObjectContextCustomizer@4b7e96a, org.springframework.boot.test.mock.mockito.MockitoContextCustomizer@0, org.springframework.boot.test.web.client.TestRestTemplateContextCustomizer@1d0d6318, org.springframework.boot.test.context.SpringBootTestArgs@1, org.springframework.boot.test.context.SpringBootTestWebEnvironment@7bbc8656], contextLoader = 'org.springframework.boot.test.context.SpringBootContextLoader', parent = [null]], attributes = map['org.springframework.test.context.event.ApplicationEventsTestExecutionListener.recordApplicationEvents' -> false]]].

  .   ____          _            __ _ _
 /\\ / ___'_ __ _ _(_)_ __  __ _ \ \ \ \
( ( )\___ | '_ | '_| | '_ \/ _` | \ \ \ \
 \\/  ___)| |_)| | | | | || (_| |  ) ) ) )
  '  |____| .__|_| |_|_| |_\__, | / / / /
 =========|_|==============|___/=/_/_/_/
 :: Spring Boot ::                (v2.6.7)

2022-10-01 11:59:59.139  INFO 3102 --- [    Test worker] h.jdbc.service.MemberServiceV3_4Test     : Starting MemberServiceV3_4Test using Java 11.0.13 on charlies-MacBook-Pro.local with PID 3102 (started by charlie in /Users/charlie/private/springdb1)
2022-10-01 11:59:59.140  INFO 3102 --- [    Test worker] h.jdbc.service.MemberServiceV3_4Test     : No active profile set, falling back to 1 default profile: "default"
2022-10-01 12:00:00.625  INFO 3102 --- [    Test worker] h.jdbc.service.MemberServiceV3_4Test     : Started MemberServiceV3_4Test in 1.996 seconds (JVM running for 3.692)
2022-10-01 12:00:00.929  INFO 3102 --- [    Test worker] h.jdbc.service.MemberServiceV3_4Test     : memberService class = class hello.jdbc.service.MemberServiceV3_3$$EnhancerBySpringCGLIB$$390b967e 
2022-10-01 12:00:00.936  INFO 3102 --- [    Test worker] h.jdbc.service.MemberServiceV3_4Test     : memberRepository class = class hello.jdbc.repository.MemberRepositoryV3 
2022-10-01 12:00:01.043  INFO 3102 --- [    Test worker] com.zaxxer.hikari.HikariDataSource       : HikariPool-1 - Starting...
2022-10-01 12:00:01.182  INFO 3102 --- [    Test worker] com.zaxxer.hikari.HikariDataSource       : HikariPool-1 - Start completed.
2022-10-01 12:00:01.185  INFO 3102 --- [    Test worker] h.jdbc.repository.MemberRepositoryV3     : get connection=HikariProxyConnection@190550835 wrapping conn0: url=jdbc:h2:tcp://localhost/~/private/springdb1/h2/test user=SA, class=class com.zaxxer.hikari.pool.HikariProxyConnection
2022-10-01 12:00:01.209  INFO 3102 --- [    Test worker] h.jdbc.repository.MemberRepositoryV3     : get connection=HikariProxyConnection@2144965699 wrapping conn0: url=jdbc:h2:tcp://localhost/~/private/springdb1/h2/test user=SA, class=class com.zaxxer.hikari.pool.HikariProxyConnection
2022-10-01 12:00:01.211  INFO 3102 --- [    Test worker] h.jdbc.repository.MemberRepositoryV3     : get connection=HikariProxyConnection@102946788 wrapping conn0: url=jdbc:h2:tcp://localhost/~/private/springdb1/h2/test user=SA, class=class com.zaxxer.hikari.pool.HikariProxyConnection
2022-10-01 12:00:01.235  INFO 3102 --- [    Test worker] h.jdbc.repository.MemberRepositoryV3     : get connection=HikariProxyConnection@961847091 wrapping conn0: url=jdbc:h2:tcp://localhost/~/private/springdb1/h2/test user=SA, class=class com.zaxxer.hikari.pool.HikariProxyConnection
2022-10-01 12:00:01.238  INFO 3102 --- [    Test worker] h.jdbc.repository.MemberRepositoryV3     : get connection=HikariProxyConnection@2055458002 wrapping conn0: url=jdbc:h2:tcp://localhost/~/private/springdb1/h2/test user=SA, class=class com.zaxxer.hikari.pool.HikariProxyConnection
2022-10-01 12:00:01.262  INFO 3102 --- [    Test worker] h.jdbc.repository.MemberRepositoryV3     : get connection=HikariProxyConnection@1493274349 wrapping conn0: url=jdbc:h2:tcp://localhost/~/private/springdb1/h2/test user=SA, class=class com.zaxxer.hikari.pool.HikariProxyConnection
2022-10-01 12:00:01.275  INFO 3102 --- [    Test worker] h.jdbc.repository.MemberRepositoryV3     : get connection=HikariProxyConnection@1493274349 wrapping conn0: url=jdbc:h2:tcp://localhost/~/private/springdb1/h2/test user=SA, class=class com.zaxxer.hikari.pool.HikariProxyConnection
2022-10-01 12:00:01.278  INFO 3102 --- [    Test worker] h.jdbc.repository.MemberRepositoryV3     : get connection=HikariProxyConnection@1493274349 wrapping conn0: url=jdbc:h2:tcp://localhost/~/private/springdb1/h2/test user=SA, class=class com.zaxxer.hikari.pool.HikariProxyConnection
2022-10-01 12:00:01.281  INFO 3102 --- [    Test worker] h.jdbc.repository.MemberRepositoryV3     : resultSize = 1
2022-10-01 12:00:01.287  INFO 3102 --- [    Test worker] h.jdbc.repository.MemberRepositoryV3     : get connection=HikariProxyConnection@1165646637 wrapping conn0: url=jdbc:h2:tcp://localhost/~/private/springdb1/h2/test user=SA, class=class com.zaxxer.hikari.pool.HikariProxyConnection
2022-10-01 12:00:01.289  INFO 3102 --- [    Test worker] h.jdbc.repository.MemberRepositoryV3     : get connection=HikariProxyConnection@127758389 wrapping conn0: url=jdbc:h2:tcp://localhost/~/private/springdb1/h2/test user=SA, class=class com.zaxxer.hikari.pool.HikariProxyConnection
2022-10-01 12:00:01.298  INFO 3102 --- [    Test worker] h.jdbc.repository.MemberRepositoryV3     : get connection=HikariProxyConnection@1538855361 wrapping conn0: url=jdbc:h2:tcp://localhost/~/private/springdb1/h2/test user=SA, class=class com.zaxxer.hikari.pool.HikariProxyConnection
2022-10-01 12:00:01.301  INFO 3102 --- [    Test worker] h.jdbc.repository.MemberRepositoryV3     : get connection=HikariProxyConnection@1783978315 wrapping conn0: url=jdbc:h2:tcp://localhost/~/private/springdb1/h2/test user=SA, class=class com.zaxxer.hikari.pool.HikariProxyConnection
2022-10-01 12:00:01.303  INFO 3102 --- [    Test worker] h.jdbc.repository.MemberRepositoryV3     : get connection=HikariProxyConnection@1663774813 wrapping conn0: url=jdbc:h2:tcp://localhost/~/private/springdb1/h2/test user=SA, class=class com.zaxxer.hikari.pool.HikariProxyConnection
2022-10-01 12:00:01.312  INFO 3102 --- [    Test worker] h.jdbc.repository.MemberRepositoryV3     : get connection=HikariProxyConnection@1146719991 wrapping conn0: url=jdbc:h2:tcp://localhost/~/private/springdb1/h2/test user=SA, class=class com.zaxxer.hikari.pool.HikariProxyConnection
2022-10-01 12:00:01.314  INFO 3102 --- [    Test worker] h.jdbc.repository.MemberRepositoryV3     : get connection=HikariProxyConnection@1476245668 wrapping conn0: url=jdbc:h2:tcp://localhost/~/private/springdb1/h2/test user=SA, class=class com.zaxxer.hikari.pool.HikariProxyConnection
2022-10-01 12:00:01.315  INFO 3102 --- [    Test worker] h.jdbc.service.MemberServiceV3_4Test     : START TX
2022-10-01 12:00:01.316  INFO 3102 --- [    Test worker] h.jdbc.repository.MemberRepositoryV3     : get connection=HikariProxyConnection@388115473 wrapping conn0: url=jdbc:h2:tcp://localhost/~/private/springdb1/h2/test user=SA, class=class com.zaxxer.hikari.pool.HikariProxyConnection
2022-10-01 12:00:01.319  INFO 3102 --- [    Test worker] h.jdbc.repository.MemberRepositoryV3     : get connection=HikariProxyConnection@388115473 wrapping conn0: url=jdbc:h2:tcp://localhost/~/private/springdb1/h2/test user=SA, class=class com.zaxxer.hikari.pool.HikariProxyConnection
2022-10-01 12:00:01.320  INFO 3102 --- [    Test worker] h.jdbc.repository.MemberRepositoryV3     : get connection=HikariProxyConnection@388115473 wrapping conn0: url=jdbc:h2:tcp://localhost/~/private/springdb1/h2/test user=SA, class=class com.zaxxer.hikari.pool.HikariProxyConnection
2022-10-01 12:00:01.322  INFO 3102 --- [    Test worker] h.jdbc.repository.MemberRepositoryV3     : resultSize = 1
2022-10-01 12:00:01.322  INFO 3102 --- [    Test worker] h.jdbc.repository.MemberRepositoryV3     : get connection=HikariProxyConnection@388115473 wrapping conn0: url=jdbc:h2:tcp://localhost/~/private/springdb1/h2/test user=SA, class=class com.zaxxer.hikari.pool.HikariProxyConnection
2022-10-01 12:00:01.323  INFO 3102 --- [    Test worker] h.jdbc.repository.MemberRepositoryV3     : resultSize = 1
2022-10-01 12:00:01.323  INFO 3102 --- [    Test worker] h.jdbc.service.MemberServiceV3_4Test     : END TX
2022-10-01 12:00:01.323  INFO 3102 --- [    Test worker] h.jdbc.repository.MemberRepositoryV3     : get connection=HikariProxyConnection@766599024 wrapping conn0: url=jdbc:h2:tcp://localhost/~/private/springdb1/h2/test user=SA, class=class com.zaxxer.hikari.pool.HikariProxyConnection
2022-10-01 12:00:01.324  INFO 3102 --- [    Test worker] h.jdbc.repository.MemberRepositoryV3     : get connection=HikariProxyConnection@630669831 wrapping conn0: url=jdbc:h2:tcp://localhost/~/private/springdb1/h2/test user=SA, class=class com.zaxxer.hikari.pool.HikariProxyConnection
2022-10-01 12:00:01.326  INFO 3102 --- [    Test worker] h.jdbc.repository.MemberRepositoryV3     : get connection=HikariProxyConnection@1052546395 wrapping conn0: url=jdbc:h2:tcp://localhost/~/private/springdb1/h2/test user=SA, class=class com.zaxxer.hikari.pool.HikariProxyConnection
2022-10-01 12:00:01.329  INFO 3102 --- [    Test worker] h.jdbc.repository.MemberRepositoryV3     : get connection=HikariProxyConnection@564424689 wrapping conn0: url=jdbc:h2:tcp://localhost/~/private/springdb1/h2/test user=SA, class=class com.zaxxer.hikari.pool.HikariProxyConnection
2022-10-01 12:00:01.330  INFO 3102 --- [    Test worker] h.jdbc.repository.MemberRepositoryV3     : get connection=HikariProxyConnection@297137378 wrapping conn0: url=jdbc:h2:tcp://localhost/~/private/springdb1/h2/test user=SA, class=class com.zaxxer.hikari.pool.HikariProxyConnection
]]></system-out>
  <system-err><![CDATA[]]></system-err>
</testsuite>
