<?xml version="1.0" encoding="UTF-8"?>
<testsuite name="hello.jdbc.service.MemberServiceV2Test" tests="1" skipped="0" failures="0" errors="0" timestamp="2022-09-18T02:48:09" hostname="charlies-MacBook-Pro.local" time="2.185">
  <properties/>
  <testcase name="이체 중 예외 발생" classname="hello.jdbc.service.MemberServiceV2Test" time="2.185"/>
  <system-out><![CDATA[11:48:09.437 [Test worker] DEBUG org.springframework.jdbc.datasource.DriverManagerDataSource - Creating new JDBC DriverManager Connection to [jdbc:h2:tcp://localhost/~/private/springdb1/h2/test]
11:48:09.527 [Test worker] INFO hello.jdbc.repository.MemberRepositoryV2 - get connection=conn0: url=jdbc:h2:tcp://localhost/~/private/springdb1/h2/test user=SA, class=class org.h2.jdbc.JdbcConnection
11:48:09.770 [Test worker] DEBUG org.springframework.jdbc.datasource.DriverManagerDataSource - Creating new JDBC DriverManager Connection to [jdbc:h2:tcp://localhost/~/private/springdb1/h2/test]
11:48:09.811 [Test worker] INFO hello.jdbc.repository.MemberRepositoryV2 - get connection=conn1: url=jdbc:h2:tcp://localhost/~/private/springdb1/h2/test user=SA, class=class org.h2.jdbc.JdbcConnection
11:48:10.064 [Test worker] DEBUG org.springframework.jdbc.datasource.DriverManagerDataSource - Creating new JDBC DriverManager Connection to [jdbc:h2:tcp://localhost/~/private/springdb1/h2/test]
11:48:10.102 [Test worker] INFO hello.jdbc.repository.MemberRepositoryV2 - resultSize = 1
11:48:10.376 [Test worker] DEBUG org.springframework.jdbc.datasource.DriverManagerDataSource - Creating new JDBC DriverManager Connection to [jdbc:h2:tcp://localhost/~/private/springdb1/h2/test]
11:48:10.407 [Test worker] INFO hello.jdbc.repository.MemberRepositoryV2 - get connection=conn3: url=jdbc:h2:tcp://localhost/~/private/springdb1/h2/test user=SA, class=class org.h2.jdbc.JdbcConnection
11:48:10.701 [Test worker] DEBUG org.springframework.jdbc.datasource.DriverManagerDataSource - Creating new JDBC DriverManager Connection to [jdbc:h2:tcp://localhost/~/private/springdb1/h2/test]
11:48:10.731 [Test worker] INFO hello.jdbc.repository.MemberRepositoryV2 - get connection=conn4: url=jdbc:h2:tcp://localhost/~/private/springdb1/h2/test user=SA, class=class org.h2.jdbc.JdbcConnection
11:48:10.857 [Test worker] DEBUG org.springframework.jdbc.datasource.DriverManagerDataSource - Creating new JDBC DriverManager Connection to [jdbc:h2:tcp://localhost/~/private/springdb1/h2/test]
11:48:10.889 [Test worker] INFO hello.jdbc.repository.MemberRepositoryV2 - get connection=conn5: url=jdbc:h2:tcp://localhost/~/private/springdb1/h2/test user=SA, class=class org.h2.jdbc.JdbcConnection
11:48:11.093 [Test worker] DEBUG org.springframework.jdbc.datasource.DriverManagerDataSource - Creating new JDBC DriverManager Connection to [jdbc:h2:tcp://localhost/~/private/springdb1/h2/test]
11:48:11.119 [Test worker] INFO hello.jdbc.repository.MemberRepositoryV2 - get connection=conn6: url=jdbc:h2:tcp://localhost/~/private/springdb1/h2/test user=SA, class=class org.h2.jdbc.JdbcConnection
11:48:11.434 [Test worker] DEBUG org.springframework.jdbc.datasource.DriverManagerDataSource - Creating new JDBC DriverManager Connection to [jdbc:h2:tcp://localhost/~/private/springdb1/h2/test]
11:48:11.465 [Test worker] INFO hello.jdbc.repository.MemberRepositoryV2 - get connection=conn7: url=jdbc:h2:tcp://localhost/~/private/springdb1/h2/test user=SA, class=class org.h2.jdbc.JdbcConnection
]]></system-out>
  <system-err><![CDATA[]]></system-err>
</testsuite>
